0 info it worked if it ends with ok
1 verbose cli [ 'C:\\Program Files\\nodejs\\node.exe',
1 verbose cli   'C:\\Program Files\\nodejs\\node_modules\\npm\\bin\\npm-cli.js',
1 verbose cli   'install',
1 verbose cli   'sleep' ]
2 info using npm@3.10.10
3 info using node@v6.10.2
4 silly loadCurrentTree Starting
5 silly install loadCurrentTree
6 silly install readLocalPackageData
7 silly fetchPackageMetaData sleep
8 silly fetchNamedPackageData sleep
9 silly mapToRegistry name sleep
10 silly mapToRegistry using default registry
11 silly mapToRegistry registry https://registry.npmjs.org/
12 silly mapToRegistry data Result {
12 silly mapToRegistry   raw: 'sleep',
12 silly mapToRegistry   scope: null,
12 silly mapToRegistry   escapedName: 'sleep',
12 silly mapToRegistry   name: 'sleep',
12 silly mapToRegistry   rawSpec: '',
12 silly mapToRegistry   spec: 'latest',
12 silly mapToRegistry   type: 'tag' }
13 silly mapToRegistry uri https://registry.npmjs.org/sleep
14 verbose request uri https://registry.npmjs.org/sleep
15 verbose request no auth needed
16 info attempt registry request try #1 at 15:34:20
17 verbose request id 8daac64021915009
18 http request GET https://registry.npmjs.org/sleep
19 http 200 https://registry.npmjs.org/sleep
20 verbose headers { server: 'nginx/1.10.3',
20 verbose headers   'content-type': 'application/json',
20 verbose headers   'last-modified': 'Sat, 21 Oct 2017 12:42:39 GMT',
20 verbose headers   etag: 'W/"59eb40bf-574c"',
20 verbose headers   'content-encoding': 'gzip',
20 verbose headers   'cache-control': 'max-age=300',
20 verbose headers   'content-length': '3099',
20 verbose headers   'accept-ranges': 'bytes',
20 verbose headers   date: 'Tue, 21 Nov 2017 14:34:20 GMT',
20 verbose headers   via: '1.1 varnish',
20 verbose headers   age: '0',
20 verbose headers   connection: 'keep-alive',
20 verbose headers   'x-served-by': 'cache-sin18021-SIN',
20 verbose headers   'x-cache': 'HIT',
20 verbose headers   'x-cache-hits': '1',
20 verbose headers   'x-timer': 'S1511274861.608168,VS0,VE136',
20 verbose headers   vary: 'Accept-Encoding, Accept' }
21 silly get cb [ 200,
21 silly get   { server: 'nginx/1.10.3',
21 silly get     'content-type': 'application/json',
21 silly get     'last-modified': 'Sat, 21 Oct 2017 12:42:39 GMT',
21 silly get     etag: 'W/"59eb40bf-574c"',
21 silly get     'content-encoding': 'gzip',
21 silly get     'cache-control': 'max-age=300',
21 silly get     'content-length': '3099',
21 silly get     'accept-ranges': 'bytes',
21 silly get     date: 'Tue, 21 Nov 2017 14:34:20 GMT',
21 silly get     via: '1.1 varnish',
21 silly get     age: '0',
21 silly get     connection: 'keep-alive',
21 silly get     'x-served-by': 'cache-sin18021-SIN',
21 silly get     'x-cache': 'HIT',
21 silly get     'x-cache-hits': '1',
21 silly get     'x-timer': 'S1511274861.608168,VS0,VE136',
21 silly get     vary: 'Accept-Encoding, Accept' } ]
22 verbose get saving sleep to C:\Users\sebastian.wanner\AppData\Roaming\npm-cache\registry.npmjs.org\sleep\.cache.json
23 verbose correctMkdir C:\Users\sebastian.wanner\AppData\Roaming\npm-cache correctMkdir not in flight; initializing
24 silly install normalizeTree
25 silly loadCurrentTree Finishing
26 silly loadIdealTree Starting
27 silly install loadIdealTree
28 silly cloneCurrentTree Starting
29 silly install cloneCurrentTreeToIdealTree
30 silly cloneCurrentTree Finishing
31 silly loadShrinkwrap Starting
32 silly install loadShrinkwrap
33 silly loadShrinkwrap Finishing
34 silly loadAllDepsIntoIdealTree Starting
35 silly install loadAllDepsIntoIdealTree
36 silly resolveWithNewModule sleep@5.1.1 checking installable status
37 silly cache add args [ 'sleep', null ]
38 verbose cache add spec sleep
39 silly cache add parsed spec Result {
39 silly cache add   raw: 'sleep',
39 silly cache add   scope: null,
39 silly cache add   escapedName: 'sleep',
39 silly cache add   name: 'sleep',
39 silly cache add   rawSpec: '',
39 silly cache add   spec: 'latest',
39 silly cache add   type: 'tag' }
40 silly addNamed sleep@latest
41 verbose addNamed "latest" is being treated as a dist-tag for sleep
42 info addNameTag [ 'sleep', 'latest' ]
43 silly mapToRegistry name sleep
44 silly mapToRegistry using default registry
45 silly mapToRegistry registry https://registry.npmjs.org/
46 silly mapToRegistry data Result {
46 silly mapToRegistry   raw: 'sleep',
46 silly mapToRegistry   scope: null,
46 silly mapToRegistry   escapedName: 'sleep',
46 silly mapToRegistry   name: 'sleep',
46 silly mapToRegistry   rawSpec: '',
46 silly mapToRegistry   spec: 'latest',
46 silly mapToRegistry   type: 'tag' }
47 silly mapToRegistry uri https://registry.npmjs.org/sleep
48 verbose addNameTag registry:https://registry.npmjs.org/sleep not in flight; fetching
49 verbose get https://registry.npmjs.org/sleep not expired, no request
50 silly addNameTag next cb for sleep with tag latest
51 silly addNamed sleep@5.1.1
52 verbose addNamed "5.1.1" is a plain semver version for sleep
53 silly mapToRegistry name sleep
54 silly mapToRegistry using default registry
55 silly mapToRegistry registry https://registry.npmjs.org/
56 silly mapToRegistry data Result {
56 silly mapToRegistry   raw: 'sleep',
56 silly mapToRegistry   scope: null,
56 silly mapToRegistry   escapedName: 'sleep',
56 silly mapToRegistry   name: 'sleep',
56 silly mapToRegistry   rawSpec: '',
56 silly mapToRegistry   spec: 'latest',
56 silly mapToRegistry   type: 'tag' }
57 silly mapToRegistry uri https://registry.npmjs.org/sleep
58 verbose addRemoteTarball https://registry.npmjs.org/sleep/-/sleep-5.1.1.tgz not in flight; adding
59 verbose addRemoteTarball [ 'https://registry.npmjs.org/sleep/-/sleep-5.1.1.tgz',
59 verbose addRemoteTarball   '878fa1d44d08eeb0f26fb2018ef8629eb1a3ab94' ]
60 info retry fetch attempt 1 at 15:34:21
61 info attempt registry request try #1 at 15:34:21
62 http fetch GET https://registry.npmjs.org/sleep/-/sleep-5.1.1.tgz
63 http fetch 200 https://registry.npmjs.org/sleep/-/sleep-5.1.1.tgz
64 silly fetchAndShaCheck shasum 878fa1d44d08eeb0f26fb2018ef8629eb1a3ab94
65 verbose addTmpTarball C:\Users\SEBAST~1.WAN\AppData\Local\Temp\npm-2764-f0d95b9c\registry.npmjs.org\sleep\-\sleep-5.1.1.tgz not in flight; adding
66 verbose addTmpTarball already have metadata; skipping unpack for sleep@5.1.1
67 verbose correctMkdir C:\Users\sebastian.wanner\AppData\Roaming\npm-cache correctMkdir not in flight; initializing
68 silly cache afterAdd sleep@5.1.1
69 verbose afterAdd C:\Users\sebastian.wanner\AppData\Roaming\npm-cache\sleep\5.1.1\package\package.json not in flight; writing
70 verbose correctMkdir C:\Users\sebastian.wanner\AppData\Roaming\npm-cache correctMkdir not in flight; initializing
71 verbose afterAdd C:\Users\sebastian.wanner\AppData\Roaming\npm-cache\sleep\5.1.1\package\package.json written
72 silly loadAllDepsIntoIdealTree Finishing
73 silly loadIdealTree Finishing
74 silly currentTree mayato@1.0.0
74 silly currentTree +-- ajv@5.3.0
74 silly currentTree +-- ansi-regex@2.1.1
74 silly currentTree +-- ansi-styles@2.2.1
74 silly currentTree +-- asap@2.0.5
74 silly currentTree +-- asn1@0.2.3
74 silly currentTree +-- assert-plus@0.2.0
74 silly currentTree +-- async@1.5.2
74 silly currentTree +-- asynckit@0.4.0
74 silly currentTree +-- aws-sign2@0.6.0
74 silly currentTree +-- aws4@1.6.0
74 silly currentTree +-- azure-storage@1.4.0
74 silly currentTree | +-- async@2.3.0
74 silly currentTree | +-- caseless@0.11.0
74 silly currentTree | +-- extend@1.2.1
74 silly currentTree | +-- form-data@1.0.1
74 silly currentTree | +-- har-validator@2.0.6
74 silly currentTree | +-- isarray@1.0.0
74 silly currentTree | +-- node-uuid@1.4.8
74 silly currentTree | +-- qs@6.2.3
74 silly currentTree | +-- readable-stream@2.0.6
74 silly currentTree | +-- request@2.74.0
74 silly currentTree | | `-- extend@3.0.0
74 silly currentTree | `-- tunnel-agent@0.4.3
74 silly currentTree +-- backoff@2.5.0
74 silly currentTree +-- balanced-match@0.4.2
74 silly currentTree +-- base64url@2.0.0
74 silly currentTree +-- bcrypt-pbkdf@1.0.1
74 silly currentTree +-- binary-search-bounds@2.0.3
74 silly currentTree +-- bl@1.1.2
74 silly currentTree | +-- isarray@1.0.0
74 silly currentTree | `-- readable-stream@2.0.6
74 silly currentTree +-- boom@2.10.1
74 silly currentTree +-- botbuilder-azure@3.0.2
74 silly currentTree | `-- async@2.3.0
74 silly currentTree +-- botbuilder@3.11.0
74 silly currentTree +-- brace-expansion@1.1.7
74 silly currentTree +-- browserify-mime@1.2.9
74 silly currentTree +-- buffer-equal-constant-time@1.0.1
74 silly currentTree +-- buffer-shims@1.0.0
74 silly currentTree +-- bunyan@1.8.10
74 silly currentTree | `-- dtrace-provider@0.8.1
74 silly currentTree +-- caseless@0.12.0
74 silly currentTree +-- chalk@1.1.3
74 silly currentTree +-- chrono-node@1.3.5
74 silly currentTree +-- co@4.6.0
74 silly currentTree +-- colors@1.0.3
74 silly currentTree +-- combined-stream@1.0.5
74 silly currentTree +-- commander@2.9.0
74 silly currentTree +-- concat-map@0.0.1
74 silly currentTree +-- core-util-is@1.0.2
74 silly currentTree +-- cryptiles@2.0.5
74 silly currentTree +-- csv-generate@0.0.6
74 silly currentTree +-- csv-parse@1.2.0
74 silly currentTree +-- csv-stringify@0.0.8
74 silly currentTree +-- csv@0.4.6
74 silly currentTree +-- ctype@0.5.3
74 silly currentTree +-- cycle@1.0.3
74 silly currentTree +-- dashdash@1.14.1
74 silly currentTree | `-- assert-plus@1.0.0
74 silly currentTree +-- debug@2.6.3
74 silly currentTree | `-- ms@0.7.2
74 silly currentTree +-- delayed-stream@1.0.0
74 silly currentTree +-- documentdb@1.11.0
74 silly currentTree | `-- underscore@1.8.3
74 silly currentTree +-- dtrace-provider@0.6.0
74 silly currentTree +-- ecc-jsbn@0.1.1
74 silly currentTree +-- ecdsa-sig-formatter@1.0.9
74 silly currentTree +-- escape-regexp-component@1.0.2
74 silly currentTree +-- escape-string-regexp@1.0.5
74 silly currentTree +-- extend@3.0.1
74 silly currentTree +-- extsprintf@1.0.2
74 silly currentTree +-- eyes@0.1.8
74 silly currentTree +-- fast-deep-equal@1.0.0
74 silly currentTree +-- fast-json-stable-stringify@2.0.0
74 silly currentTree +-- forever-agent@0.6.1
74 silly currentTree +-- form-data@2.3.1
74 silly currentTree +-- formidable@1.1.1
74 silly currentTree +-- generate-function@2.0.0
74 silly currentTree +-- generate-object-property@1.2.0
74 silly currentTree +-- getpass@0.1.6
74 silly currentTree | `-- assert-plus@1.0.0
74 silly currentTree +-- glob@6.0.4
74 silly currentTree +-- graceful-readlink@1.0.1
74 silly currentTree +-- handle-thing@1.2.5
74 silly currentTree +-- har-schema@2.0.0
74 silly currentTree +-- har-validator@5.0.3
74 silly currentTree +-- has-ansi@2.0.0
74 silly currentTree +-- hawk@3.1.3
74 silly currentTree +-- hoek@2.16.3
74 silly currentTree +-- hpack.js@2.1.6
74 silly currentTree | +-- isarray@1.0.0
74 silly currentTree | +-- readable-stream@2.2.9
74 silly currentTree | `-- string_decoder@1.0.0
74 silly currentTree +-- http-deceiver@1.2.7
74 silly currentTree +-- http-signature@1.1.1
74 silly currentTree +-- inflight@1.0.6
74 silly currentTree +-- inherits@2.0.3
74 silly currentTree +-- is-my-json-valid@2.16.0
74 silly currentTree +-- is-property@1.0.2
74 silly currentTree +-- is-typedarray@1.0.0
74 silly currentTree +-- isemail@1.2.0
74 silly currentTree +-- isstream@0.1.2
74 silly currentTree +-- jodid25519@1.0.2
74 silly currentTree +-- joi@6.10.1
74 silly currentTree +-- jsbn@0.1.1
74 silly currentTree +-- json-edm-parser@0.1.2
74 silly currentTree +-- json-schema-traverse@0.3.1
74 silly currentTree +-- json-schema@0.2.3
74 silly currentTree +-- json-stringify-safe@5.0.1
74 silly currentTree +-- jsonparse@1.2.0
74 silly currentTree +-- jsonpointer@4.0.1
74 silly currentTree +-- jsonwebtoken@7.4.3
74 silly currentTree +-- jsprim@1.4.0
74 silly currentTree | `-- assert-plus@1.0.0
74 silly currentTree +-- jwa@1.1.5
74 silly currentTree +-- jws@3.1.4
74 silly currentTree +-- keep-alive-agent@0.0.1
74 silly currentTree +-- lodash.once@4.1.1
74 silly currentTree +-- lodash@4.17.4
74 silly currentTree +-- lru-cache@4.0.2
74 silly currentTree +-- mime-db@1.27.0
74 silly currentTree +-- mime-types@2.1.15
74 silly currentTree +-- mime@1.3.4
74 silly currentTree +-- minimalistic-assert@1.0.0
74 silly currentTree +-- minimatch@3.0.3
74 silly currentTree +-- mkdirp@0.5.1
74 silly currentTree | `-- minimist@0.0.8
74 silly currentTree +-- moment@2.18.1
74 silly currentTree +-- ms@2.0.0
74 silly currentTree +-- mv@2.1.1
74 silly currentTree +-- nan@2.6.2
74 silly currentTree +-- ncp@2.0.0
74 silly currentTree +-- negotiator@0.6.1
74 silly currentTree +-- node-env-file@0.1.8
74 silly currentTree +-- oauth-sign@0.8.2
74 silly currentTree +-- obuf@1.1.1
74 silly currentTree +-- once@1.4.0
74 silly currentTree +-- path-is-absolute@1.0.1
74 silly currentTree +-- performance-now@2.1.0
74 silly currentTree +-- pinkie-promise@2.0.1
74 silly currentTree +-- pinkie@2.0.4
74 silly currentTree +-- precond@0.2.3
74 silly currentTree +-- priorityqueuejs@1.0.0
74 silly currentTree +-- process-nextick-args@1.0.7
74 silly currentTree +-- promise@7.1.1
74 silly currentTree +-- pseudomap@1.0.2
74 silly currentTree +-- punycode@1.4.1
74 silly currentTree +-- qs@6.4.0
74 silly currentTree +-- request@2.83.0
74 silly currentTree | +-- assert-plus@1.0.0
74 silly currentTree | +-- aws-sign2@0.7.0
74 silly currentTree | +-- boom@4.3.1
74 silly currentTree | +-- cryptiles@3.1.2
74 silly currentTree | | `-- boom@5.2.0
74 silly currentTree | +-- hawk@6.0.2
74 silly currentTree | +-- hoek@4.2.0
74 silly currentTree | +-- http-signature@1.2.0
74 silly currentTree | +-- mime-db@1.30.0
74 silly currentTree | +-- mime-types@2.1.17
74 silly currentTree | +-- qs@6.5.1
74 silly currentTree | +-- sntp@2.1.0
74 silly currentTree | `-- tough-cookie@2.3.3
74 silly currentTree +-- restify@4.3.0
74 silly currentTree | +-- asn1@0.1.11
74 silly currentTree | +-- assert-plus@0.1.5
74 silly currentTree | +-- extsprintf@1.3.0
74 silly currentTree | +-- http-signature@0.11.0
74 silly currentTree | +-- node-uuid@1.4.8
74 silly currentTree | +-- tunnel-agent@0.4.3
74 silly currentTree | `-- verror@1.9.0
74 silly currentTree |   `-- assert-plus@1.0.0
74 silly currentTree +-- rimraf@2.4.5
74 silly currentTree +-- rsa-pem-from-mod-exp@0.8.4
74 silly currentTree +-- safe-buffer@5.1.1
74 silly currentTree +-- safe-json-stringify@1.0.4
74 silly currentTree +-- sax@0.5.2
74 silly currentTree +-- select-hose@2.0.0
74 silly currentTree +-- semaphore@1.0.5
74 silly currentTree +-- semver@4.3.6
74 silly currentTree +-- sntp@1.0.9
74 silly currentTree +-- spdy-transport@2.0.18
74 silly currentTree | +-- isarray@1.0.0
74 silly currentTree | +-- readable-stream@2.2.9
74 silly currentTree | `-- string_decoder@1.0.0
74 silly currentTree +-- spdy@3.4.4
74 silly currentTree +-- sprintf-js@1.1.1
74 silly currentTree +-- sshpk@1.13.0
74 silly currentTree | `-- assert-plus@1.0.0
74 silly currentTree +-- stack-trace@0.0.10
74 silly currentTree +-- stream-transform@0.1.2
74 silly currentTree +-- string_decoder@0.10.31
74 silly currentTree +-- stringstream@0.0.5
74 silly currentTree +-- strip-ansi@3.0.1
74 silly currentTree +-- supports-color@2.0.0
74 silly currentTree +-- topo@1.1.0
74 silly currentTree +-- tough-cookie@2.3.2
74 silly currentTree +-- tunnel-agent@0.6.0
74 silly currentTree +-- tweetnacl@0.14.5
74 silly currentTree +-- underscore@1.4.4
74 silly currentTree +-- url-join@1.1.0
74 silly currentTree +-- util-deprecate@1.0.2
74 silly currentTree +-- uuid@3.1.0
74 silly currentTree +-- validator@3.22.2
74 silly currentTree +-- vasync@1.6.3
74 silly currentTree | +-- extsprintf@1.2.0
74 silly currentTree | `-- verror@1.6.0
74 silly currentTree +-- verror@1.3.6
74 silly currentTree +-- wbuf@1.7.2
74 silly currentTree +-- winston-daily-rotate-file@1.7.2
74 silly currentTree +-- winston@2.4.0
74 silly currentTree | `-- async@1.0.0
74 silly currentTree +-- wrappy@1.0.2
74 silly currentTree +-- xml2js@0.2.7
74 silly currentTree +-- xmlbuilder@0.4.3
74 silly currentTree +-- xtend@4.0.1
74 silly currentTree `-- yallist@2.1.2
75 silly idealTree mayato@1.0.0
75 silly idealTree +-- ajv@5.3.0
75 silly idealTree +-- ansi-regex@2.1.1
75 silly idealTree +-- ansi-styles@2.2.1
75 silly idealTree +-- asap@2.0.5
75 silly idealTree +-- asn1@0.2.3
75 silly idealTree +-- assert-plus@0.2.0
75 silly idealTree +-- async@1.5.2
75 silly idealTree +-- asynckit@0.4.0
75 silly idealTree +-- aws-sign2@0.6.0
75 silly idealTree +-- aws4@1.6.0
75 silly idealTree +-- azure-storage@1.4.0
75 silly idealTree | +-- async@2.3.0
75 silly idealTree | +-- caseless@0.11.0
75 silly idealTree | +-- extend@1.2.1
75 silly idealTree | +-- form-data@1.0.1
75 silly idealTree | +-- har-validator@2.0.6
75 silly idealTree | +-- isarray@1.0.0
75 silly idealTree | +-- node-uuid@1.4.8
75 silly idealTree | +-- qs@6.2.3
75 silly idealTree | +-- readable-stream@2.0.6
75 silly idealTree | +-- request@2.74.0
75 silly idealTree | | `-- extend@3.0.0
75 silly idealTree | `-- tunnel-agent@0.4.3
75 silly idealTree +-- backoff@2.5.0
75 silly idealTree +-- balanced-match@0.4.2
75 silly idealTree +-- base64url@2.0.0
75 silly idealTree +-- bcrypt-pbkdf@1.0.1
75 silly idealTree +-- binary-search-bounds@2.0.3
75 silly idealTree +-- bl@1.1.2
75 silly idealTree | +-- isarray@1.0.0
75 silly idealTree | `-- readable-stream@2.0.6
75 silly idealTree +-- boom@2.10.1
75 silly idealTree +-- botbuilder-azure@3.0.2
75 silly idealTree | `-- async@2.3.0
75 silly idealTree +-- botbuilder@3.11.0
75 silly idealTree +-- brace-expansion@1.1.7
75 silly idealTree +-- browserify-mime@1.2.9
75 silly idealTree +-- buffer-equal-constant-time@1.0.1
75 silly idealTree +-- buffer-shims@1.0.0
75 silly idealTree +-- bunyan@1.8.10
75 silly idealTree | `-- dtrace-provider@0.8.1
75 silly idealTree +-- caseless@0.12.0
75 silly idealTree +-- chalk@1.1.3
75 silly idealTree +-- chrono-node@1.3.5
75 silly idealTree +-- co@4.6.0
75 silly idealTree +-- colors@1.0.3
75 silly idealTree +-- combined-stream@1.0.5
75 silly idealTree +-- commander@2.9.0
75 silly idealTree +-- concat-map@0.0.1
75 silly idealTree +-- core-util-is@1.0.2
75 silly idealTree +-- cryptiles@2.0.5
75 silly idealTree +-- csv-generate@0.0.6
75 silly idealTree +-- csv-parse@1.2.0
75 silly idealTree +-- csv-stringify@0.0.8
75 silly idealTree +-- csv@0.4.6
75 silly idealTree +-- ctype@0.5.3
75 silly idealTree +-- cycle@1.0.3
75 silly idealTree +-- dashdash@1.14.1
75 silly idealTree | `-- assert-plus@1.0.0
75 silly idealTree +-- debug@2.6.3
75 silly idealTree | `-- ms@0.7.2
75 silly idealTree +-- delayed-stream@1.0.0
75 silly idealTree +-- documentdb@1.11.0
75 silly idealTree | `-- underscore@1.8.3
75 silly idealTree +-- dtrace-provider@0.6.0
75 silly idealTree +-- ecc-jsbn@0.1.1
75 silly idealTree +-- ecdsa-sig-formatter@1.0.9
75 silly idealTree +-- escape-regexp-component@1.0.2
75 silly idealTree +-- escape-string-regexp@1.0.5
75 silly idealTree +-- extend@3.0.1
75 silly idealTree +-- extsprintf@1.0.2
75 silly idealTree +-- eyes@0.1.8
75 silly idealTree +-- fast-deep-equal@1.0.0
75 silly idealTree +-- fast-json-stable-stringify@2.0.0
75 silly idealTree +-- forever-agent@0.6.1
75 silly idealTree +-- form-data@2.3.1
75 silly idealTree +-- formidable@1.1.1
75 silly idealTree +-- generate-function@2.0.0
75 silly idealTree +-- generate-object-property@1.2.0
75 silly idealTree +-- getpass@0.1.6
75 silly idealTree | `-- assert-plus@1.0.0
75 silly idealTree +-- glob@6.0.4
75 silly idealTree +-- graceful-readlink@1.0.1
75 silly idealTree +-- handle-thing@1.2.5
75 silly idealTree +-- har-schema@2.0.0
75 silly idealTree +-- har-validator@5.0.3
75 silly idealTree +-- has-ansi@2.0.0
75 silly idealTree +-- hawk@3.1.3
75 silly idealTree +-- hoek@2.16.3
75 silly idealTree +-- hpack.js@2.1.6
75 silly idealTree | +-- isarray@1.0.0
75 silly idealTree | +-- readable-stream@2.2.9
75 silly idealTree | `-- string_decoder@1.0.0
75 silly idealTree +-- http-deceiver@1.2.7
75 silly idealTree +-- http-signature@1.1.1
75 silly idealTree +-- inflight@1.0.6
75 silly idealTree +-- inherits@2.0.3
75 silly idealTree +-- is-my-json-valid@2.16.0
75 silly idealTree +-- is-property@1.0.2
75 silly idealTree +-- is-typedarray@1.0.0
75 silly idealTree +-- isemail@1.2.0
75 silly idealTree +-- isstream@0.1.2
75 silly idealTree +-- jodid25519@1.0.2
75 silly idealTree +-- joi@6.10.1
75 silly idealTree +-- jsbn@0.1.1
75 silly idealTree +-- json-edm-parser@0.1.2
75 silly idealTree +-- json-schema-traverse@0.3.1
75 silly idealTree +-- json-schema@0.2.3
75 silly idealTree +-- json-stringify-safe@5.0.1
75 silly idealTree +-- jsonparse@1.2.0
75 silly idealTree +-- jsonpointer@4.0.1
75 silly idealTree +-- jsonwebtoken@7.4.3
75 silly idealTree +-- jsprim@1.4.0
75 silly idealTree | `-- assert-plus@1.0.0
75 silly idealTree +-- jwa@1.1.5
75 silly idealTree +-- jws@3.1.4
75 silly idealTree +-- keep-alive-agent@0.0.1
75 silly idealTree +-- lodash.once@4.1.1
75 silly idealTree +-- lodash@4.17.4
75 silly idealTree +-- lru-cache@4.0.2
75 silly idealTree +-- mime-db@1.27.0
75 silly idealTree +-- mime-types@2.1.15
75 silly idealTree +-- mime@1.3.4
75 silly idealTree +-- minimalistic-assert@1.0.0
75 silly idealTree +-- minimatch@3.0.3
75 silly idealTree +-- mkdirp@0.5.1
75 silly idealTree | `-- minimist@0.0.8
75 silly idealTree +-- moment@2.18.1
75 silly idealTree +-- ms@2.0.0
75 silly idealTree +-- mv@2.1.1
75 silly idealTree +-- nan@2.6.2
75 silly idealTree +-- ncp@2.0.0
75 silly idealTree +-- negotiator@0.6.1
75 silly idealTree +-- node-env-file@0.1.8
75 silly idealTree +-- oauth-sign@0.8.2
75 silly idealTree +-- obuf@1.1.1
75 silly idealTree +-- once@1.4.0
75 silly idealTree +-- path-is-absolute@1.0.1
75 silly idealTree +-- performance-now@2.1.0
75 silly idealTree +-- pinkie-promise@2.0.1
75 silly idealTree +-- pinkie@2.0.4
75 silly idealTree +-- precond@0.2.3
75 silly idealTree +-- priorityqueuejs@1.0.0
75 silly idealTree +-- process-nextick-args@1.0.7
75 silly idealTree +-- promise@7.1.1
75 silly idealTree +-- pseudomap@1.0.2
75 silly idealTree +-- punycode@1.4.1
75 silly idealTree +-- qs@6.4.0
75 silly idealTree +-- request@2.83.0
75 silly idealTree | +-- assert-plus@1.0.0
75 silly idealTree | +-- aws-sign2@0.7.0
75 silly idealTree | +-- boom@4.3.1
75 silly idealTree | +-- cryptiles@3.1.2
75 silly idealTree | | `-- boom@5.2.0
75 silly idealTree | +-- hawk@6.0.2
75 silly idealTree | +-- hoek@4.2.0
75 silly idealTree | +-- http-signature@1.2.0
75 silly idealTree | +-- mime-db@1.30.0
75 silly idealTree | +-- mime-types@2.1.17
75 silly idealTree | +-- qs@6.5.1
75 silly idealTree | +-- sntp@2.1.0
75 silly idealTree | `-- tough-cookie@2.3.3
75 silly idealTree +-- restify@4.3.0
75 silly idealTree | +-- asn1@0.1.11
75 silly idealTree | +-- assert-plus@0.1.5
75 silly idealTree | +-- extsprintf@1.3.0
75 silly idealTree | +-- http-signature@0.11.0
75 silly idealTree | +-- node-uuid@1.4.8
75 silly idealTree | +-- tunnel-agent@0.4.3
75 silly idealTree | `-- verror@1.9.0
75 silly idealTree |   `-- assert-plus@1.0.0
75 silly idealTree +-- rimraf@2.4.5
75 silly idealTree +-- rsa-pem-from-mod-exp@0.8.4
75 silly idealTree +-- safe-buffer@5.1.1
75 silly idealTree +-- safe-json-stringify@1.0.4
75 silly idealTree +-- sax@0.5.2
75 silly idealTree +-- select-hose@2.0.0
75 silly idealTree +-- semaphore@1.0.5
75 silly idealTree +-- semver@4.3.6
75 silly idealTree +-- sleep@5.1.1
75 silly idealTree +-- sntp@1.0.9
75 silly idealTree +-- spdy-transport@2.0.18
75 silly idealTree | +-- isarray@1.0.0
75 silly idealTree | +-- readable-stream@2.2.9
75 silly idealTree | `-- string_decoder@1.0.0
75 silly idealTree +-- spdy@3.4.4
75 silly idealTree +-- sprintf-js@1.1.1
75 silly idealTree +-- sshpk@1.13.0
75 silly idealTree | `-- assert-plus@1.0.0
75 silly idealTree +-- stack-trace@0.0.10
75 silly idealTree +-- stream-transform@0.1.2
75 silly idealTree +-- string_decoder@0.10.31
75 silly idealTree +-- stringstream@0.0.5
75 silly idealTree +-- strip-ansi@3.0.1
75 silly idealTree +-- supports-color@2.0.0
75 silly idealTree +-- topo@1.1.0
75 silly idealTree +-- tough-cookie@2.3.2
75 silly idealTree +-- tunnel-agent@0.6.0
75 silly idealTree +-- tweetnacl@0.14.5
75 silly idealTree +-- underscore@1.4.4
75 silly idealTree +-- url-join@1.1.0
75 silly idealTree +-- util-deprecate@1.0.2
75 silly idealTree +-- uuid@3.1.0
75 silly idealTree +-- validator@3.22.2
75 silly idealTree +-- vasync@1.6.3
75 silly idealTree | +-- extsprintf@1.2.0
75 silly idealTree | `-- verror@1.6.0
75 silly idealTree +-- verror@1.3.6
75 silly idealTree +-- wbuf@1.7.2
75 silly idealTree +-- winston-daily-rotate-file@1.7.2
75 silly idealTree +-- winston@2.4.0
75 silly idealTree | `-- async@1.0.0
75 silly idealTree +-- wrappy@1.0.2
75 silly idealTree +-- xml2js@0.2.7
75 silly idealTree +-- xmlbuilder@0.4.3
75 silly idealTree +-- xtend@4.0.1
75 silly idealTree `-- yallist@2.1.2
76 silly generateActionsToTake Starting
77 silly install generateActionsToTake
78 silly generateActionsToTake Finishing
79 silly diffTrees action count 1
80 silly diffTrees add sleep@5.1.1
81 silly decomposeActions action count 8
82 silly decomposeActions fetch sleep@5.1.1
83 silly decomposeActions extract sleep@5.1.1
84 silly decomposeActions test sleep@5.1.1
85 silly decomposeActions preinstall sleep@5.1.1
86 silly decomposeActions build sleep@5.1.1
87 silly decomposeActions install sleep@5.1.1
88 silly decomposeActions postinstall sleep@5.1.1
89 silly decomposeActions finalize sleep@5.1.1
90 silly runTopLevelLifecycles Starting
91 silly executeActions Starting
92 silly install executeActions
93 silly doSerial global-install 0
94 silly doParallel fetch 1
95 verbose correctMkdir C:\Users\sebastian.wanner\AppData\Roaming\npm-cache\_locks correctMkdir not in flight; initializing
96 verbose lock using C:\Users\sebastian.wanner\AppData\Roaming\npm-cache\_locks\staging-5b09754602e04a65.lock for C:\Users\sebastian.wanner\workspace\mayatoChatBot\node_modules\.staging
97 silly doParallel extract 1
98 silly extract sleep@5.1.1
99 verbose unbuild node_modules\.staging\sleep-05179986
100 silly gentlyRm C:\Users\sebastian.wanner\workspace\mayatoChatBot\node_modules\.staging\sleep-05179986 is being purged from base C:\Users\sebastian.wanner\workspace\mayatoChatBot
101 verbose gentlyRm don't care about contents; nuking C:\Users\sebastian.wanner\workspace\mayatoChatBot\node_modules\.staging\sleep-05179986
102 verbose tar unpack C:\Users\sebastian.wanner\AppData\Roaming\npm-cache\sleep\5.1.1\package.tgz
103 verbose tar unpacking to C:\Users\sebastian.wanner\workspace\mayatoChatBot\node_modules\.staging\sleep-05179986
104 silly gentlyRm C:\Users\sebastian.wanner\workspace\mayatoChatBot\node_modules\.staging\sleep-05179986 is being purged
105 verbose gentlyRm don't care about contents; nuking C:\Users\sebastian.wanner\workspace\mayatoChatBot\node_modules\.staging\sleep-05179986
106 silly gunzTarPerm modes [ '777', '666' ]
107 silly gunzTarPerm extractEntry package.json
108 silly gunzTarPerm modified mode [ 'package.json', 436, 438 ]
109 silly gunzTarPerm extractEntry .npmignore
110 silly gunzTarPerm modified mode [ '.npmignore', 436, 438 ]
111 silly gunzTarPerm extractEntry README.md
112 silly gunzTarPerm modified mode [ 'README.md', 436, 438 ]
113 silly gunzTarPerm extractEntry test.js
114 silly gunzTarPerm modified mode [ 'test.js', 436, 438 ]
115 silly gunzTarPerm extractEntry index.js
116 silly gunzTarPerm modified mode [ 'index.js', 436, 438 ]
117 silly gunzTarPerm extractEntry LICENSE.txt
118 silly gunzTarPerm modified mode [ 'LICENSE.txt', 436, 438 ]
119 silly gunzTarPerm extractEntry sleep.cc
120 silly gunzTarPerm modified mode [ 'sleep.cc', 436, 438 ]
121 silly gunzTarPerm extractEntry binding.gyp
122 silly gunzTarPerm modified mode [ 'binding.gyp', 436, 438 ]
123 silly gentlyRm C:\Users\sebastian.wanner\workspace\mayatoChatBot\node_modules\.staging\sleep-05179986\node_modules is being purged
124 verbose gentlyRm don't care about contents; nuking C:\Users\sebastian.wanner\workspace\mayatoChatBot\node_modules\.staging\sleep-05179986\node_modules
125 silly doParallel preinstall 1
126 silly preinstall sleep@5.1.1 C:\Users\sebastian.wanner\workspace\mayatoChatBot\node_modules\.staging\sleep-05179986
127 info lifecycle sleep@5.1.1~preinstall: sleep@5.1.1
128 silly lifecycle sleep@5.1.1~preinstall: no script for preinstall, continuing
129 silly doReverseSerial remove 0
130 silly doSerial move 0
131 silly doSerial finalize 1
132 silly finalize C:\Users\sebastian.wanner\workspace\mayatoChatBot\node_modules\sleep
133 silly doSerial build 1
134 silly build sleep@5.1.1
135 info linkStuff sleep@5.1.1
136 silly linkStuff sleep@5.1.1 has C:\Users\sebastian.wanner\workspace\mayatoChatBot\node_modules as its parent node_modules
137 verbose linkBins sleep@5.1.1
138 verbose linkMans sleep@5.1.1
139 silly doSerial global-link 0
140 silly doParallel update-linked 0
141 silly doSerial install 1
142 silly install sleep@5.1.1 C:\Users\sebastian.wanner\workspace\mayatoChatBot\node_modules\.staging\sleep-05179986
143 info lifecycle sleep@5.1.1~install: sleep@5.1.1
144 verbose lifecycle sleep@5.1.1~install: unsafe-perm in lifecycle true
145 verbose lifecycle sleep@5.1.1~install: PATH: C:\Program Files\nodejs\node_modules\npm\bin\node-gyp-bin;C:\Users\sebastian.wanner\workspace\mayatoChatBot\node_modules\sleep\node_modules\.bin;C:\Users\sebastian.wanner\workspace\mayatoChatBot\node_modules\.bin;C:\Users\sebastian.wanner\AppData\Roaming\npm;C:\Program Files\nodejs\;C:\Program Files\Sierra Wireless Inc\Skylight\;C:\Program Files\Sierra Wireless Inc\Common\;C:\Program Files (x86)\Intel\iCLS Client\;C:\Program Files\Intel\iCLS Client\;C:\ProgramData\Oracle\Java\javapath;C:\Windows\system32;C:\Windows;C:\Windows\System32\Wbem;C:\Windows\System32\WindowsPowerShell\v1.0\;C:\Program Files (x86)\Intel\OpenCL SDK\2.0\bin\x86;C:\Program Files (x86)\Intel\OpenCL SDK\2.0\bin\x64;C:\Program Files\Dell\Dell Data Protection\Access\Advanced\Wave\Gemalto\Access Client\v5\;C:\Program Files (x86)\Security Innovation\SI TSS\bin\;C:\Windows\System32\WindowsPowerShell\v1.0\;C:\Windows\System32\WindowsPowerShell\v1.0\;C:\Program Files\Intel\Intel(R) Management Engine Components\DAL;C:\Program Files\Intel\Intel(R) Management Engine Components\IPT;C:\Program Files (x86)\Intel\Intel(R) Management Engine Components\DAL;C:\Program Files (x86)\Intel\Intel(R) Management Engine Components\IPT;C:\Program Files\WIDCOMM\Bluetooth Software\;C:\Program Files\WIDCOMM\Bluetooth Software\syswow64;C:\Program Files\Intel\WiFi\bin\;C:\Program Files\Common Files\Intel\WirelessCommon\;C:\Program Files\nodejs\;C:\Program Files (x86)\Skype\Phone\;C:\Users\sebastian.wanner\AppData\Roaming\npm;C:\Users\sebastian.wanner\AppData\Local\Programs\Git\cmd;C:\Users\sebastian.wanner\AppData\Roaming\Cloud Foundry;C:\Users\sebastian.wanner\AppData\Local\Programs\MiKTeX 2.9\miktex\bin\x64\;C:\Users\sebastian.wanner\AppData\Local\GitHubDesktop\bin
146 verbose lifecycle sleep@5.1.1~install: CWD: C:\Users\sebastian.wanner\workspace\mayatoChatBot\node_modules\sleep
147 silly lifecycle sleep@5.1.1~install: Args: [ '/d /s /c', 'node-gyp rebuild' ]
148 silly lifecycle sleep@5.1.1~install: Returned: code: 1  signal: null
149 info lifecycle sleep@5.1.1~install: Failed to exec install script
150 verbose unlock done using C:\Users\sebastian.wanner\AppData\Roaming\npm-cache\_locks\staging-5b09754602e04a65.lock for C:\Users\sebastian.wanner\workspace\mayatoChatBot\node_modules\.staging
151 silly rollbackFailedOptional Starting
152 silly rollbackFailedOptional Finishing
153 silly runTopLevelLifecycles Finishing
154 silly install printInstalled
155 warn mayato@1.0.0 No description
156 verbose If you need help, you may report this error at:
156 verbose     <https://github.com/npm/npm/issues>
157 warn mayato@1.0.0 No repository field.
158 verbose If you need help, you may report this error at:
158 verbose     <https://github.com/npm/npm/issues>
159 verbose stack Error: sleep@5.1.1 install: `node-gyp rebuild`
159 verbose stack Exit status 1
159 verbose stack     at EventEmitter.<anonymous> (C:\Program Files\nodejs\node_modules\npm\lib\utils\lifecycle.js:255:16)
159 verbose stack     at emitTwo (events.js:106:13)
159 verbose stack     at EventEmitter.emit (events.js:191:7)
159 verbose stack     at ChildProcess.<anonymous> (C:\Program Files\nodejs\node_modules\npm\lib\utils\spawn.js:40:14)
159 verbose stack     at emitTwo (events.js:106:13)
159 verbose stack     at ChildProcess.emit (events.js:191:7)
159 verbose stack     at maybeClose (internal/child_process.js:886:16)
159 verbose stack     at Process.ChildProcess._handle.onexit (internal/child_process.js:226:5)
160 verbose pkgid sleep@5.1.1
161 verbose cwd C:\Users\sebastian.wanner\workspace\mayatoChatBot
162 error Windows_NT 6.1.7601
163 error argv "C:\\Program Files\\nodejs\\node.exe" "C:\\Program Files\\nodejs\\node_modules\\npm\\bin\\npm-cli.js" "install" "sleep"
164 error node v6.10.2
165 error npm  v3.10.10
166 error code ELIFECYCLE
167 error sleep@5.1.1 install: `node-gyp rebuild`
167 error Exit status 1
168 error Failed at the sleep@5.1.1 install script 'node-gyp rebuild'.
168 error Make sure you have the latest version of node.js and npm installed.
168 error If you do, this is most likely a problem with the sleep package,
168 error not with npm itself.
168 error Tell the author that this fails on your system:
168 error     node-gyp rebuild
168 error You can get information on how to open an issue for this project with:
168 error     npm bugs sleep
168 error Or if that isn't available, you can get their info via:
168 error     npm owner ls sleep
168 error There is likely additional logging output above.
169 verbose exit [ 1, true ]
