{"level":"outgoing","message":"Hallo, ich bin Mike der mayato ChatBot.\n\n Du kannst mir einfache Fragen über mayato stellen. \n\n Zum Beispiel: Welche Beratungsleistungen wir anbieten oder suche doch einfach mal nach Case Studies.","timestamp":"06:30:24"}
{"level":"outgoing","message":"Ich bin nur ein Bot, aber ich werde dir antworten, so gut ich kann. ","timestamp":"06:30:24"}
{"level":"incoming","message":"Hallo","timestamp":"06:30:42"}
{"level":"outgoing","message":"","timestamp":"06:30:47"}
{"level":"outgoing","message":"Hallo, wie kann ich helfen?","timestamp":"06:30:47"}
{"level":"incoming","message":"welche leistungen bietet mayato an?","timestamp":"06:31:07"}
{"level":"outgoing","message":"Hallo, ich bin Mike der mayato ChatBot.\n\n Du kannst mir einfache Fragen über mayato stellen. \n\n Zum Beispiel: Welche Beratungsleistungen wir anbieten oder suche doch einfach mal nach Case Studies.","timestamp":"06:35:45"}
{"level":"outgoing","message":"Ich bin nur ein Bot, aber ich werde dir antworten, so gut ich kann. ","timestamp":"06:35:45"}
{"level":"incoming","message":"welche leistungen bietet mayato an?","timestamp":"06:35:50"}
{"level":"outgoing","message":"Gemeinsam mit seinen Kunden entwirft und realisiert mayato Lösungen in den Bereichen Financial Analytics, Customer Analytics, Industry Analytics, IT Operations Analytics und Technolgy.","timestamp":"06:35:51"}
{"level":"outgoing","message":"Wähle einen Bereich aus, um mehr Informationen zu erhalten","timestamp":"06:35:51"}
{"level":"incoming","message":"test","timestamp":"06:36:09"}
{"level":"outgoing","message":"Bitte wählen Sie eine Option aus.","timestamp":"06:36:13"}
{"level":"incoming","message":"test","timestamp":"06:36:16"}
{"level":"outgoing","message":"Bitte wählen Sie eine Option aus.","timestamp":"06:36:17"}
{"level":"incoming","message":"test","timestamp":"06:36:19"}
{"level":"outgoing","message":"Bitte wählen Sie eine Option aus.","timestamp":"06:36:20"}
{"level":"incoming","message":"test","timestamp":"06:36:24"}
{"level":"outgoing","message":"Bitte wählen Sie eine Option aus.","timestamp":"06:36:25"}
{"level":"incoming","message":"Customer Analytics","timestamp":"06:36:36"}
{"level":"outgoing","message":"","timestamp":"06:36:37"}
{"level":"outgoing","message":"Wir unterstützen Sie im Bereich Media Analytics, Customer Analytics, Customer Prediction oder Social Medial Analytics","timestamp":"06:36:37"}
{"level":"incoming","message":"welche leistungen bietet mayato an?","timestamp":"06:36:42"}
{"level":"outgoing","message":"Gemeinsam mit seinen Kunden entwirft und realisiert mayato Lösungen in den Bereichen Financial Analytics, Customer Analytics, Industry Analytics, IT Operations Analytics und Technolgy.","timestamp":"06:36:43"}
{"level":"outgoing","message":"Wähle einen Bereich aus, um mehr Informationen zu erhalten","timestamp":"06:36:43"}
{"level":"incoming","message":"welche leistungen bietet mayato an?","timestamp":"06:36:49"}
{"level":"outgoing","message":"Gemeinsam mit seinen Kunden entwirft und realisiert mayato Lösungen in den Bereichen Financial Analytics, Customer Analytics, Industry Analytics, IT Operations Analytics und Technolgy.","timestamp":"06:36:50"}
{"level":"outgoing","message":"Wähle einen Bereich aus, um mehr Informationen zu erhalten","timestamp":"06:36:50"}
{"level":"incoming","message":"Hallo","timestamp":"06:36:54"}
{"level":"outgoing","message":"","timestamp":"06:36:55"}
{"level":"outgoing","message":"Hallo, wie kann ich helfen?","timestamp":"06:36:55"}
{"level":"incoming","message":"mit welchen technologien arbeitet mayato?","timestamp":"06:44:08"}
{"level":"outgoing","message":"","timestamp":"06:44:09"}
{"level":"outgoing","message":"Hier eine kleine Auswahl:","timestamp":"06:44:09"}
{"level":"outgoing","message":"","timestamp":"06:44:09"}
{"level":"incoming","message":"Arbeitet mayato auch mit talend","timestamp":"06:44:27"}
{"level":"outgoing","message":"mayato hat mit Talend eine Partnerschaft","timestamp":"06:44:28"}
{"level":"incoming","message":"welche leistungen bietet mayato im Bereich Customer Analytics","timestamp":"06:44:48"}
{"level":"outgoing","message":"","timestamp":"06:44:49"}
{"level":"outgoing","message":"Wir unterstützen Sie im Bereich Media Analytics, Customer Analytics, Customer Prediction oder Social Medial Analytics","timestamp":"06:44:49"}
{"level":"incoming","message":"welche leistungen bietet mayato im Bereich customer analytics","timestamp":"06:44:59"}
{"level":"outgoing","message":"","timestamp":"06:45:00"}
{"level":"outgoing","message":"Wir unterstützen Sie im Bereich Media Analytics, Customer Analytics, Customer Prediction oder Social Medial Analytics","timestamp":"06:45:00"}
{"level":"incoming","message":"bietet mayato auch media analytics an?","timestamp":"06:46:41"}
{"level":"outgoing","message":"","timestamp":"06:46:42"}
{"level":"outgoing","message":"Leider haben wir keine Informationen gefunden","timestamp":"06:46:42"}
{"level":"incoming","message":"Financial Analytics","timestamp":"07:28:04"}
{"level":"outgoing","message":"Leider ist irgendetwas schief gelaufen. Ich glaube, ich muss mal mit meinem Entwickler reden","timestamp":"07:28:05"}
{"level":"outgoing","message":"","timestamp":"07:28:05"}
{"level":"incoming","message":"welche kunden hat mayato","timestamp":"07:35:43"}
{"level":"outgoing","message":"Mayato betreut Kunden aus vielen Branchen wie der Automotive-, Bank- oder Industrie-Branche","timestamp":"07:35:44"}
{"level":"outgoing","message":"","timestamp":"07:35:44"}
{"level":"outgoing","message":"Tipp: Sie können auch nach Case-Studies suchen","timestamp":"07:35:44"}
{"level":"incoming","message":"suche nach case studies im bereich customer analytics","timestamp":"07:36:23"}
{"level":"outgoing","message":"Hier eine Auswahl von Case Studies im Bereich Customer Analytics ","timestamp":"07:36:24"}
{"level":"outgoing","message":"","timestamp":"07:36:24"}
{"level":"incoming","message":"Tipp","timestamp":"07:36:40"}
{"level":"incoming","message":"Hilfe","timestamp":"07:36:47"}
{"level":"outgoing","message":"Brauchst du Hilfe? Ich gebe dir ein paar Suchtipps:","timestamp":"07:36:48"}
{"level":"outgoing","message":"Suche doch nach \"Management von mayato\"","timestamp":"07:36:48"}
{"level":"incoming","message":"HIlfe","timestamp":"07:36:57"}
{"level":"outgoing","message":"Brauchst du Hilfe? Ich gebe dir ein paar Suchtipps:","timestamp":"07:36:58"}
{"level":"outgoing","message":"Suche doch nach \"Management von mayato\"","timestamp":"07:36:58"}
{"level":"incoming","message":"Ich brauche einen Ansprechpartner","timestamp":"07:47:46"}
{"level":"outgoing","message":"Wählen Sie einen Bereich aus.","timestamp":"07:47:47"}
{"level":"incoming","message":"Customer Analytics","timestamp":"07:47:50"}
{"level":"outgoing","message":"Ihr Ansprechpartner im Bereich Customer Analytics ist:","timestamp":"07:47:51"}
{"level":"outgoing","message":"Leider ist irgendetwas schief gelaufen. Ich glaube, ich muss mal mit meinem Entwickler reden","timestamp":"07:47:51"}
{"level":"outgoing","message":"","timestamp":"07:47:51"}
{"level":"outgoing","message":"Hallo, ich bin Mike der mayato ChatBot.\n\n Du kannst mir einfache Fragen über mayato stellen. \n\n Zum Beispiel: Welche Beratungsleistungen wir anbieten oder suche doch einfach mal nach Case Studies.","timestamp":"08:02:45"}
{"level":"outgoing","message":"Ich bin nur ein Bot, aber ich werde dir antworten, so gut ich kann. ","timestamp":"08:02:45"}
{"level":"incoming","message":"suche ansprechpartner für mayato","timestamp":"08:02:57"}
{"level":"outgoing","message":"Wählen Sie einen Bereich aus.","timestamp":"08:02:58"}
{"level":"incoming","message":"Customer Analytics","timestamp":"08:03:03"}
{"level":"outgoing","message":"Ihr Ansprechpartner im Bereich Customer Analytics ist:","timestamp":"08:03:04"}
{"level":"outgoing","message":"","timestamp":"08:03:04"}
{"level":"incoming","message":"wer ist der Ansprechpartner für customer analytics","timestamp":"08:03:30"}
{"level":"outgoing","message":"Ihr Ansprechpartner im Bereich Customer Analytics ist:","timestamp":"08:03:32"}
{"level":"outgoing","message":"","timestamp":"08:03:32"}
{"level":"incoming","message":"wer ist der ansprechpartner für social media analytics","timestamp":"08:03:46"}
{"level":"outgoing","message":"Ihr Ansprechpartner im Bereich Social Media Analytics ist:","timestamp":"08:03:47"}
{"level":"outgoing","message":"","timestamp":"08:03:47"}
{"level":"incoming","message":"wer ist peter neckel","timestamp":"08:04:00"}
{"level":"incoming","message":"was macht peter neckel","timestamp":"08:04:12"}
{"level":"outgoing","message":"Leider habe ich keine Informationen gefunden","timestamp":"08:04:13"}
{"level":"outgoing","message":"Brauchst du Hilfe? Ich gebe dir ein paar Suchtipps:","timestamp":"08:04:13"}
{"level":"outgoing","message":"Suche doch nach \"Software Systemen die mayato einsetzt\"","timestamp":"08:04:13"}
{"level":"outgoing","message":"Hallo, ich bin Mike der mayato ChatBot.\n\n Du kannst mir einfache Fragen über mayato stellen. \n\n Zum Beispiel: Welche Beratungsleistungen wir anbieten oder suche doch einfach mal nach Case Studies.","timestamp":"08:53:01"}
{"level":"outgoing","message":"Ich bin nur ein Bot, aber ich werde dir antworten, so gut ich kann. ","timestamp":"08:53:01"}
{"level":"incoming","message":"suche einen Ansprechpartner","timestamp":"08:53:12"}
{"level":"outgoing","message":"Wählen Sie einen Bereich aus.","timestamp":"08:53:14"}
{"level":"incoming","message":"Customer Analytics","timestamp":"08:53:17"}
{"level":"outgoing","message":"Hallo, ich bin Mike der mayato ChatBot.\n\n Du kannst mir einfache Fragen über mayato stellen. \n\n Zum Beispiel: Welche Beratungsleistungen wir anbieten oder suche doch einfach mal nach Case Studies.","timestamp":"08:55:36"}
{"level":"outgoing","message":"Ich bin nur ein Bot, aber ich werde dir antworten, so gut ich kann. ","timestamp":"08:55:36"}
{"level":"incoming","message":"suche einen Ansprechpartner","timestamp":"08:56:21"}
{"level":"outgoing","message":"Wählen Sie einen Bereich aus.","timestamp":"08:56:49"}
{"level":"incoming","message":"Customer Analytics","timestamp":"08:56:52"}
{"level":"outgoing","message":"","timestamp":"08:58:04"}
{"level":"outgoing","message":"Leider wurde kein Ansprechpartner gefunden","timestamp":"08:58:04"}
{"level":"incoming","message":"suche einen Ansprechpartner aus","timestamp":"08:58:22"}
{"level":"outgoing","message":"Wählen Sie einen Bereich aus.","timestamp":"08:58:29"}
{"level":"incoming","message":"Customer Analytics","timestamp":"08:58:32"}
{"level":"outgoing","message":"","timestamp":"11:21:59"}
{"level":"outgoing","message":"Leider wurde kein Ansprechpartner gefunden","timestamp":"11:21:59"}
{"level":"outgoing","message":"Hallo, ich bin Mike der mayato ChatBot.\n\n Du kannst mir einfache Fragen über mayato stellen. \n\n Zum Beispiel: Welche Beratungsleistungen wir anbieten oder suche doch einfach mal nach Case Studies.","timestamp":"11:59:24"}
{"level":"outgoing","message":"Ich bin nur ein Bot, aber ich werde dir antworten, so gut ich kann. ","timestamp":"11:59:24"}
{"level":"incoming","message":"suche einen Ansprechpartner","timestamp":"12:00:03"}
{"level":"outgoing","message":"Hallo, ich bin Mike der mayato ChatBot.\n\n Du kannst mir einfache Fragen über mayato stellen. \n\n Zum Beispiel: Welche Beratungsleistungen wir anbieten oder suche doch einfach mal nach Case Studies.","timestamp":"12:02:36"}
{"level":"outgoing","message":"Ich bin nur ein Bot, aber ich werde dir antworten, so gut ich kann. ","timestamp":"12:02:36"}
{"level":"incoming","message":"suche einen Ansprechpartner","timestamp":"12:02:42"}
{"level":"outgoing","message":"Hallo, ich bin Mike der mayato ChatBot.\n\n Du kannst mir einfache Fragen über mayato stellen. \n\n Zum Beispiel: Welche Beratungsleistungen wir anbieten oder suche doch einfach mal nach Case Studies.","timestamp":"12:04:52"}
{"level":"outgoing","message":"Ich bin nur ein Bot, aber ich werde dir antworten, so gut ich kann. ","timestamp":"12:04:52"}
{"level":"incoming","message":"suche einen Ansprechpartner","timestamp":"12:05:00"}
{"level":"outgoing","message":"Wählen Sie einen Bereich aus.","timestamp":"12:05:12"}
{"level":"incoming","message":"Customer Analytics","timestamp":"12:05:14"}
{"level":"outgoing","message":"","timestamp":"12:06:04"}
{"level":"outgoing","message":"Leider wurde kein Ansprechpartner gefunden","timestamp":"12:06:04"}
{"level":"outgoing","message":"Leider wurde kein Ansprechpartner gefunden","timestamp":"12:06:04"}
{"level":"outgoing","message":"Leider wurde kein Ansprechpartner gefunden","timestamp":"12:06:04"}
{"level":"outgoing","message":"Leider wurde kein Ansprechpartner gefunden","timestamp":"12:06:04"}
{"level":"outgoing","message":"Leider wurde kein Ansprechpartner gefunden","timestamp":"12:06:04"}
{"level":"outgoing","message":"Leider wurde kein Ansprechpartner gefunden","timestamp":"12:06:04"}
{"level":"outgoing","message":"Leider wurde kein Ansprechpartner gefunden","timestamp":"12:06:04"}
{"level":"outgoing","message":"Leider wurde kein Ansprechpartner gefunden","timestamp":"12:06:04"}
{"level":"outgoing","message":"Leider wurde kein Ansprechpartner gefunden","timestamp":"12:06:04"}
{"level":"outgoing","message":"Leider wurde kein Ansprechpartner gefunden","timestamp":"12:06:04"}
{"level":"outgoing","message":"Leider wurde kein Ansprechpartner gefunden","timestamp":"12:06:04"}
{"level":"outgoing","message":"Leider wurde kein Ansprechpartner gefunden","timestamp":"12:06:04"}
{"level":"outgoing","message":"Leider wurde kein Ansprechpartner gefunden","timestamp":"12:06:04"}
{"level":"outgoing","message":"Leider wurde kein Ansprechpartner gefunden","timestamp":"12:06:04"}
{"level":"outgoing","message":"Leider wurde kein Ansprechpartner gefunden","timestamp":"12:06:04"}
{"level":"outgoing","message":"Leider wurde kein Ansprechpartner gefunden","timestamp":"12:06:04"}
{"level":"outgoing","message":"Leider wurde kein Ansprechpartner gefunden","timestamp":"12:06:04"}
{"level":"outgoing","message":"Leider wurde kein Ansprechpartner gefunden","timestamp":"12:06:04"}
{"level":"outgoing","message":"Leider wurde kein Ansprechpartner gefunden","timestamp":"12:06:04"}
{"level":"outgoing","message":"Leider wurde kein Ansprechpartner gefunden","timestamp":"12:06:04"}
{"level":"outgoing","message":"Leider wurde kein Ansprechpartner gefunden","timestamp":"12:06:04"}
{"level":"outgoing","message":"Leider wurde kein Ansprechpartner gefunden","timestamp":"12:06:04"}
{"level":"outgoing","message":"Leider wurde kein Ansprechpartner gefunden","timestamp":"12:06:04"}
{"level":"outgoing","message":"Leider wurde kein Ansprechpartner gefunden","timestamp":"12:06:04"}
{"level":"outgoing","message":"Leider wurde kein Ansprechpartner gefunden","timestamp":"12:06:04"}
{"level":"outgoing","message":"Leider wurde kein Ansprechpartner gefunden","timestamp":"12:06:04"}
{"level":"outgoing","message":"Leider wurde kein Ansprechpartner gefunden","timestamp":"12:06:04"}
{"level":"outgoing","message":"Leider wurde kein Ansprechpartner gefunden","timestamp":"12:06:04"}
{"level":"outgoing","message":"Leider wurde kein Ansprechpartner gefunden","timestamp":"12:06:04"}
{"level":"outgoing","message":"Leider wurde kein Ansprechpartner gefunden","timestamp":"12:06:04"}
{"level":"outgoing","message":"Leider wurde kein Ansprechpartner gefunden","timestamp":"12:06:04"}
{"level":"outgoing","message":"Leider wurde kein Ansprechpartner gefunden","timestamp":"12:06:04"}
{"level":"outgoing","message":"Leider wurde kein Ansprechpartner gefunden","timestamp":"12:06:04"}
{"level":"outgoing","message":"Leider wurde kein Ansprechpartner gefunden","timestamp":"12:06:04"}
{"level":"outgoing","message":"Leider wurde kein Ansprechpartner gefunden","timestamp":"12:06:04"}
{"level":"outgoing","message":"Leider wurde kein Ansprechpartner gefunden","timestamp":"12:06:04"}
{"level":"outgoing","message":"Leider wurde kein Ansprechpartner gefunden","timestamp":"12:06:04"}
{"level":"outgoing","message":"Leider wurde kein Ansprechpartner gefunden","timestamp":"12:06:04"}
{"level":"outgoing","message":"Leider wurde kein Ansprechpartner gefunden","timestamp":"12:06:04"}
{"level":"outgoing","message":"Leider wurde kein Ansprechpartner gefunden","timestamp":"12:06:04"}
{"level":"outgoing","message":"Leider wurde kein Ansprechpartner gefunden","timestamp":"12:06:04"}
{"level":"outgoing","message":"Leider wurde kein Ansprechpartner gefunden","timestamp":"12:06:04"}
{"level":"outgoing","message":"Leider wurde kein Ansprechpartner gefunden","timestamp":"12:06:04"}
{"level":"outgoing","message":"Leider wurde kein Ansprechpartner gefunden","timestamp":"12:06:04"}
{"level":"outgoing","message":"Leider wurde kein Ansprechpartner gefunden","timestamp":"12:06:04"}
{"level":"outgoing","message":"Leider wurde kein Ansprechpartner gefunden","timestamp":"12:06:04"}
{"level":"outgoing","message":"Leider wurde kein Ansprechpartner gefunden","timestamp":"12:06:04"}
{"level":"outgoing","message":"Leider wurde kein Ansprechpartner gefunden","timestamp":"12:06:04"}
{"level":"outgoing","message":"Leider wurde kein Ansprechpartner gefunden","timestamp":"12:06:04"}
{"level":"outgoing","message":"Leider wurde kein Ansprechpartner gefunden","timestamp":"12:06:04"}
{"level":"outgoing","message":"Leider wurde kein Ansprechpartner gefunden","timestamp":"12:06:04"}
{"level":"outgoing","message":"Leider wurde kein Ansprechpartner gefunden","timestamp":"12:06:04"}
{"level":"outgoing","message":"Leider wurde kein Ansprechpartner gefunden","timestamp":"12:06:04"}
{"level":"outgoing","message":"Leider wurde kein Ansprechpartner gefunden","timestamp":"12:06:04"}
{"level":"outgoing","message":"Leider wurde kein Ansprechpartner gefunden","timestamp":"12:06:04"}
{"level":"outgoing","message":"Leider wurde kein Ansprechpartner gefunden","timestamp":"12:06:04"}
{"level":"outgoing","message":"Leider wurde kein Ansprechpartner gefunden","timestamp":"12:06:04"}
