{"level":"incoming","message":"suche einen Ansprechpartner","timestamp":"04:45:37"}
{"level":"incoming","message":"Customer Analytics","timestamp":"04:45:54"}
{"level":"incoming","message":"suche einen Ansprechpartner","timestamp":"04:50:01"}
{"level":"incoming","message":"Customer Analytics","timestamp":"04:50:13"}
{"level":"incoming","message":"suche ansprechpartner","timestamp":"04:53:08"}
{"level":"incoming","message":"Customer Analytics","timestamp":"04:53:18"}
{"level":"incoming","message":"suche einen Ansprechpartner","timestamp":"04:54:21"}
{"level":"incoming","message":"Customer Analytics","timestamp":"04:54:24"}
{"level":"incoming","message":"suche einen ansprechpartner","timestamp":"05:14:45"}
{"level":"incoming","message":"suche einen ansprechpartner","timestamp":"05:16:46"}
{"level":"incoming","message":"Customer Analytics","timestamp":"05:16:51"}
{"level":"incoming","message":"suche einen ansprechpartner","timestamp":"05:22:57"}
{"level":"incoming","message":"Customer Analytics","timestamp":"05:23:01"}
{"level":"incoming","message":"suche einen Ansprechpartner","timestamp":"05:26:36"}
{"level":"incoming","message":"Customer Analytics","timestamp":"05:26:57"}
{"level":"incoming","message":"ansprechpartner im bereich customer Analytics","timestamp":"05:28:24"}
{"level":"incoming","message":"Ansprechpartner im Bereich Customer Analytics","timestamp":"06:32:41"}
{"level":"incoming","message":"Ansprechpartner im Bereich Customer analytics","timestamp":"06:32:57"}
{"level":"incoming","message":"Ansprechpartner im Bereich customr analytics","timestamp":"06:33:12"}
{"level":"incoming","message":"wer ist peter neckel","timestamp":"06:33:29"}
{"level":"incoming","message":"wer ist peter neckel","timestamp":"06:33:54"}
{"level":"incoming","message":"wer ist peter neckel","timestamp":"06:34:12"}
{"level":"incoming","message":"wer ist peter neckel","timestamp":"06:36:21"}
