{"level":"outgoing","message":"Hallo, ich bin Mike der mayato ChatBot.\n\n Du kannst mir einfache Fragen über mayato stellen. \n\n Zum Beispiel: Welche Beratungsleistungen wir anbieten oder suche doch einfach mal nach Case Studies.","timestamp":"04:45:30"}
{"level":"outgoing","message":"Ich bin nur ein Bot, aber ich werde dir antworten, so gut ich kann. ","timestamp":"04:45:30"}
{"level":"incoming","message":"suche einen Ansprechpartner","timestamp":"04:45:37"}
{"level":"outgoing","message":"Wählen Sie einen Bereich aus.","timestamp":"04:45:51"}
{"level":"incoming","message":"Customer Analytics","timestamp":"04:45:54"}
{"level":"outgoing","message":"","timestamp":"04:48:02"}
{"level":"outgoing","message":"Leider wurde kein Ansprechpartner gefunden","timestamp":"04:48:02"}
{"level":"outgoing","message":"Leider wurde kein Ansprechpartner gefunden","timestamp":"04:48:02"}
{"level":"outgoing","message":"Leider wurde kein Ansprechpartner gefunden","timestamp":"04:48:02"}
{"level":"outgoing","message":"Leider wurde kein Ansprechpartner gefunden","timestamp":"04:48:02"}
{"level":"outgoing","message":"Leider wurde kein Ansprechpartner gefunden","timestamp":"04:48:02"}
{"level":"outgoing","message":"Leider wurde kein Ansprechpartner gefunden","timestamp":"04:48:02"}
{"level":"outgoing","message":"Leider wurde kein Ansprechpartner gefunden","timestamp":"04:48:02"}
{"level":"outgoing","message":"Leider wurde kein Ansprechpartner gefunden","timestamp":"04:48:02"}
{"level":"outgoing","message":"Leider wurde kein Ansprechpartner gefunden","timestamp":"04:48:02"}
{"level":"outgoing","message":"Leider wurde kein Ansprechpartner gefunden","timestamp":"04:48:02"}
{"level":"outgoing","message":"Leider wurde kein Ansprechpartner gefunden","timestamp":"04:48:02"}
{"level":"outgoing","message":"Leider wurde kein Ansprechpartner gefunden","timestamp":"04:48:02"}
{"level":"outgoing","message":"Leider wurde kein Ansprechpartner gefunden","timestamp":"04:48:02"}
{"level":"outgoing","message":"Leider wurde kein Ansprechpartner gefunden","timestamp":"04:48:02"}
{"level":"outgoing","message":"Leider wurde kein Ansprechpartner gefunden","timestamp":"04:48:02"}
{"level":"outgoing","message":"Leider wurde kein Ansprechpartner gefunden","timestamp":"04:48:02"}
{"level":"outgoing","message":"Leider wurde kein Ansprechpartner gefunden","timestamp":"04:48:02"}
{"level":"outgoing","message":"Leider wurde kein Ansprechpartner gefunden","timestamp":"04:48:02"}
{"level":"outgoing","message":"Leider wurde kein Ansprechpartner gefunden","timestamp":"04:48:02"}
{"level":"outgoing","message":"Leider wurde kein Ansprechpartner gefunden","timestamp":"04:48:02"}
{"level":"outgoing","message":"Leider wurde kein Ansprechpartner gefunden","timestamp":"04:48:02"}
{"level":"outgoing","message":"Leider wurde kein Ansprechpartner gefunden","timestamp":"04:48:02"}
{"level":"outgoing","message":"Leider wurde kein Ansprechpartner gefunden","timestamp":"04:48:02"}
{"level":"outgoing","message":"Leider wurde kein Ansprechpartner gefunden","timestamp":"04:48:02"}
{"level":"outgoing","message":"Leider wurde kein Ansprechpartner gefunden","timestamp":"04:48:02"}
{"level":"outgoing","message":"Leider wurde kein Ansprechpartner gefunden","timestamp":"04:48:02"}
{"level":"outgoing","message":"Leider wurde kein Ansprechpartner gefunden","timestamp":"04:48:02"}
{"level":"outgoing","message":"Leider wurde kein Ansprechpartner gefunden","timestamp":"04:48:02"}
{"level":"outgoing","message":"Leider wurde kein Ansprechpartner gefunden","timestamp":"04:48:02"}
{"level":"outgoing","message":"Leider wurde kein Ansprechpartner gefunden","timestamp":"04:48:02"}
{"level":"outgoing","message":"Leider wurde kein Ansprechpartner gefunden","timestamp":"04:48:02"}
{"level":"outgoing","message":"Leider wurde kein Ansprechpartner gefunden","timestamp":"04:48:02"}
{"level":"outgoing","message":"Leider wurde kein Ansprechpartner gefunden","timestamp":"04:48:02"}
{"level":"outgoing","message":"Leider wurde kein Ansprechpartner gefunden","timestamp":"04:48:02"}
{"level":"outgoing","message":"Leider wurde kein Ansprechpartner gefunden","timestamp":"04:48:02"}
{"level":"outgoing","message":"Leider wurde kein Ansprechpartner gefunden","timestamp":"04:48:02"}
{"level":"outgoing","message":"Leider wurde kein Ansprechpartner gefunden","timestamp":"04:48:02"}
{"level":"outgoing","message":"Leider wurde kein Ansprechpartner gefunden","timestamp":"04:48:02"}
{"level":"outgoing","message":"Leider wurde kein Ansprechpartner gefunden","timestamp":"04:48:02"}
{"level":"outgoing","message":"Leider wurde kein Ansprechpartner gefunden","timestamp":"04:48:02"}
{"level":"outgoing","message":"Leider wurde kein Ansprechpartner gefunden","timestamp":"04:48:02"}
{"level":"outgoing","message":"Leider wurde kein Ansprechpartner gefunden","timestamp":"04:48:02"}
{"level":"outgoing","message":"Leider wurde kein Ansprechpartner gefunden","timestamp":"04:48:02"}
{"level":"outgoing","message":"Leider wurde kein Ansprechpartner gefunden","timestamp":"04:48:02"}
{"level":"outgoing","message":"Leider wurde kein Ansprechpartner gefunden","timestamp":"04:48:02"}
{"level":"outgoing","message":"Leider wurde kein Ansprechpartner gefunden","timestamp":"04:48:02"}
{"level":"outgoing","message":"Leider wurde kein Ansprechpartner gefunden","timestamp":"04:48:02"}
{"level":"outgoing","message":"Leider wurde kein Ansprechpartner gefunden","timestamp":"04:48:02"}
{"level":"outgoing","message":"Leider wurde kein Ansprechpartner gefunden","timestamp":"04:48:02"}
{"level":"outgoing","message":"Leider wurde kein Ansprechpartner gefunden","timestamp":"04:48:02"}
{"level":"outgoing","message":"Leider wurde kein Ansprechpartner gefunden","timestamp":"04:48:02"}
{"level":"outgoing","message":"Leider wurde kein Ansprechpartner gefunden","timestamp":"04:48:02"}
{"level":"outgoing","message":"Leider wurde kein Ansprechpartner gefunden","timestamp":"04:48:02"}
{"level":"outgoing","message":"Leider wurde kein Ansprechpartner gefunden","timestamp":"04:48:02"}
{"level":"outgoing","message":"Leider wurde kein Ansprechpartner gefunden","timestamp":"04:48:02"}
{"level":"outgoing","message":"Leider wurde kein Ansprechpartner gefunden","timestamp":"04:48:02"}
{"level":"outgoing","message":"Leider wurde kein Ansprechpartner gefunden","timestamp":"04:48:02"}
{"level":"outgoing","message":"Hallo, ich bin Mike der mayato ChatBot.\n\n Du kannst mir einfache Fragen über mayato stellen. \n\n Zum Beispiel: Welche Beratungsleistungen wir anbieten oder suche doch einfach mal nach Case Studies.","timestamp":"04:49:55"}
{"level":"outgoing","message":"Ich bin nur ein Bot, aber ich werde dir antworten, so gut ich kann. ","timestamp":"04:49:55"}
{"level":"incoming","message":"suche einen Ansprechpartner","timestamp":"04:50:01"}
{"level":"outgoing","message":"Wählen Sie einen Bereich aus.","timestamp":"04:50:09"}
{"level":"incoming","message":"Customer Analytics","timestamp":"04:50:13"}
{"level":"outgoing","message":"","timestamp":"04:52:20"}
{"level":"outgoing","message":"Hallo, ich bin Mike der mayato ChatBot.\n\n Du kannst mir einfache Fragen über mayato stellen. \n\n Zum Beispiel: Welche Beratungsleistungen wir anbieten oder suche doch einfach mal nach Case Studies.","timestamp":"04:53:03"}
{"level":"outgoing","message":"Ich bin nur ein Bot, aber ich werde dir antworten, so gut ich kann. ","timestamp":"04:53:03"}
{"level":"incoming","message":"suche ansprechpartner","timestamp":"04:53:08"}
{"level":"outgoing","message":"Wählen Sie einen Bereich aus.","timestamp":"04:53:14"}
{"level":"incoming","message":"Customer Analytics","timestamp":"04:53:18"}
{"level":"outgoing","message":"","timestamp":"04:53:58"}
{"level":"outgoing","message":"Hallo, ich bin Mike der mayato ChatBot.\n\n Du kannst mir einfache Fragen über mayato stellen. \n\n Zum Beispiel: Welche Beratungsleistungen wir anbieten oder suche doch einfach mal nach Case Studies.","timestamp":"04:54:16"}
{"level":"outgoing","message":"Ich bin nur ein Bot, aber ich werde dir antworten, so gut ich kann. ","timestamp":"04:54:16"}
{"level":"incoming","message":"suche einen Ansprechpartner","timestamp":"04:54:21"}
{"level":"outgoing","message":"Wählen Sie einen Bereich aus.","timestamp":"04:54:22"}
{"level":"incoming","message":"Customer Analytics","timestamp":"04:54:24"}
{"level":"outgoing","message":"","timestamp":"04:55:23"}
{"level":"outgoing","message":"Hallo, ich bin Mike der mayato ChatBot.\n\n Du kannst mir einfache Fragen über mayato stellen. \n\n Zum Beispiel: Welche Beratungsleistungen wir anbieten oder suche doch einfach mal nach Case Studies.","timestamp":"05:03:54"}
{"level":"outgoing","message":"Ich bin nur ein Bot, aber ich werde dir antworten, so gut ich kann. ","timestamp":"05:03:54"}
{"level":"incoming","message":"suche einen ansprechpartner","timestamp":"05:14:45"}
{"level":"outgoing","message":"Hallo, ich bin Mike der mayato ChatBot.\n\n Du kannst mir einfache Fragen über mayato stellen. \n\n Zum Beispiel: Welche Beratungsleistungen wir anbieten oder suche doch einfach mal nach Case Studies.","timestamp":"05:16:16"}
{"level":"outgoing","message":"Ich bin nur ein Bot, aber ich werde dir antworten, so gut ich kann. ","timestamp":"05:16:16"}
{"level":"incoming","message":"suche einen ansprechpartner","timestamp":"05:16:46"}
{"level":"outgoing","message":"Wählen Sie einen Bereich aus.","timestamp":"05:16:47"}
{"level":"incoming","message":"Customer Analytics","timestamp":"05:16:51"}
{"level":"outgoing","message":"","timestamp":"05:22:06"}
{"level":"outgoing","message":"Hallo, ich bin Mike der mayato ChatBot.\n\n Du kannst mir einfache Fragen über mayato stellen. \n\n Zum Beispiel: Welche Beratungsleistungen wir anbieten oder suche doch einfach mal nach Case Studies.","timestamp":"05:22:50"}
{"level":"outgoing","message":"Ich bin nur ein Bot, aber ich werde dir antworten, so gut ich kann. ","timestamp":"05:22:50"}
{"level":"incoming","message":"suche einen ansprechpartner","timestamp":"05:22:57"}
{"level":"outgoing","message":"Wählen Sie einen Bereich aus.","timestamp":"05:22:59"}
{"level":"incoming","message":"Customer Analytics","timestamp":"05:23:01"}
{"level":"outgoing","message":"","timestamp":"05:24:57"}
{"level":"outgoing","message":"Leider ist irgendetwas schief gelaufen. Ich glaube, ich muss mal mit meinem Entwickler reden","timestamp":"05:24:57"}
{"level":"outgoing","message":"","timestamp":"05:24:57"}
{"level":"outgoing","message":"Hallo, ich bin Mike der mayato ChatBot.\n\n Du kannst mir einfache Fragen über mayato stellen. \n\n Zum Beispiel: Welche Beratungsleistungen wir anbieten oder suche doch einfach mal nach Case Studies.","timestamp":"05:26:28"}
{"level":"outgoing","message":"Ich bin nur ein Bot, aber ich werde dir antworten, so gut ich kann. ","timestamp":"05:26:28"}
{"level":"incoming","message":"suche einen Ansprechpartner","timestamp":"05:26:36"}
{"level":"outgoing","message":"Wählen Sie einen Bereich aus.","timestamp":"05:26:37"}
{"level":"incoming","message":"Customer Analytics","timestamp":"05:26:57"}
{"level":"outgoing","message":"","timestamp":"05:28:01"}
{"level":"outgoing","message":"","timestamp":"05:28:01"}
{"level":"incoming","message":"ansprechpartner im bereich customer Analytics","timestamp":"05:28:24"}
{"level":"outgoing","message":"","timestamp":"05:28:30"}
{"level":"outgoing","message":"Hallo, ich bin Mike der mayato ChatBot.\n\n Du kannst mir einfache Fragen über mayato stellen. \n\n Zum Beispiel: Welche Beratungsleistungen wir anbieten oder suche doch einfach mal nach Case Studies.","timestamp":"06:32:21"}
{"level":"outgoing","message":"Ich bin nur ein Bot, aber ich werde dir antworten, so gut ich kann. ","timestamp":"06:32:21"}
{"level":"incoming","message":"Ansprechpartner im Bereich Customer Analytics","timestamp":"06:32:41"}
{"level":"outgoing","message":"","timestamp":"06:32:42"}
{"level":"outgoing","message":"Ihr Ansprechpartner im Bereich Customer Analytics ist:","timestamp":"06:32:42"}
{"level":"outgoing","message":"","timestamp":"06:32:42"}
{"level":"incoming","message":"Ansprechpartner im Bereich Customer analytics","timestamp":"06:32:57"}
{"level":"outgoing","message":"","timestamp":"06:32:58"}
{"level":"outgoing","message":"Ihr Ansprechpartner im Bereich Customer Analytics ist:","timestamp":"06:32:58"}
{"level":"outgoing","message":"","timestamp":"06:32:58"}
{"level":"incoming","message":"Ansprechpartner im Bereich customr analytics","timestamp":"06:33:12"}
{"level":"outgoing","message":"","timestamp":"06:33:13"}
{"level":"outgoing","message":"Ihr Ansprechpartner im Bereich Customer Analytics ist:","timestamp":"06:33:13"}
{"level":"outgoing","message":"","timestamp":"06:33:13"}
{"level":"incoming","message":"wer ist peter neckel","timestamp":"06:33:29"}
{"level":"outgoing","message":"Leider ist irgendetwas schief gelaufen. Ich glaube, ich muss mal mit meinem Entwickler reden","timestamp":"06:33:30"}
{"level":"outgoing","message":"","timestamp":"06:33:30"}
{"level":"incoming","message":"wer ist peter neckel","timestamp":"06:33:54"}
{"level":"outgoing","message":"Leider ist irgendetwas schief gelaufen. Ich glaube, ich muss mal mit meinem Entwickler reden","timestamp":"06:34:01"}
{"level":"outgoing","message":"","timestamp":"06:34:01"}
{"level":"incoming","message":"wer ist peter neckel","timestamp":"06:34:12"}
{"level":"outgoing","message":"Leider ist irgendetwas schief gelaufen. Ich glaube, ich muss mal mit meinem Entwickler reden","timestamp":"06:35:49"}
{"level":"outgoing","message":"","timestamp":"06:35:49"}
{"level":"outgoing","message":"Hallo, ich bin Mike der mayato ChatBot.\n\n Du kannst mir einfache Fragen über mayato stellen. \n\n Zum Beispiel: Welche Beratungsleistungen wir anbieten oder suche doch einfach mal nach Case Studies.","timestamp":"06:36:17"}
{"level":"outgoing","message":"Ich bin nur ein Bot, aber ich werde dir antworten, so gut ich kann. ","timestamp":"06:36:17"}
{"level":"incoming","message":"wer ist peter neckel","timestamp":"06:36:21"}
{"level":"outgoing","message":"","timestamp":"06:42:59"}
{"level":"outgoing","message":"","timestamp":"06:43:00"}
