{"level":"incoming","message":"Hallo","timestamp":"06:30:42"}
{"level":"incoming","message":"welche leistungen bietet mayato an?","timestamp":"06:31:07"}
{"level":"incoming","message":"welche leistungen bietet mayato an?","timestamp":"06:35:50"}
{"level":"incoming","message":"test","timestamp":"06:36:09"}
{"level":"incoming","message":"test","timestamp":"06:36:16"}
{"level":"incoming","message":"test","timestamp":"06:36:19"}
{"level":"incoming","message":"test","timestamp":"06:36:24"}
{"level":"incoming","message":"Customer Analytics","timestamp":"06:36:36"}
{"level":"incoming","message":"welche leistungen bietet mayato an?","timestamp":"06:36:42"}
{"level":"incoming","message":"welche leistungen bietet mayato an?","timestamp":"06:36:49"}
{"level":"incoming","message":"Hallo","timestamp":"06:36:54"}
{"level":"incoming","message":"mit welchen technologien arbeitet mayato?","timestamp":"06:44:08"}
{"level":"incoming","message":"Arbeitet mayato auch mit talend","timestamp":"06:44:27"}
{"level":"incoming","message":"welche leistungen bietet mayato im Bereich Customer Analytics","timestamp":"06:44:48"}
{"level":"incoming","message":"welche leistungen bietet mayato im Bereich customer analytics","timestamp":"06:44:59"}
{"level":"incoming","message":"bietet mayato auch media analytics an?","timestamp":"06:46:41"}
{"level":"incoming","message":"Financial Analytics","timestamp":"07:28:04"}
{"level":"incoming","message":"welche kunden hat mayato","timestamp":"07:35:43"}
{"level":"incoming","message":"suche nach case studies im bereich customer analytics","timestamp":"07:36:23"}
{"level":"incoming","message":"Tipp","timestamp":"07:36:40"}
{"level":"incoming","message":"Hilfe","timestamp":"07:36:47"}
{"level":"incoming","message":"HIlfe","timestamp":"07:36:57"}
{"level":"incoming","message":"Ich brauche einen Ansprechpartner","timestamp":"07:47:46"}
{"level":"incoming","message":"Customer Analytics","timestamp":"07:47:50"}
{"level":"incoming","message":"suche ansprechpartner für mayato","timestamp":"08:02:57"}
{"level":"incoming","message":"Customer Analytics","timestamp":"08:03:03"}
{"level":"incoming","message":"wer ist der Ansprechpartner für customer analytics","timestamp":"08:03:30"}
{"level":"incoming","message":"wer ist der ansprechpartner für social media analytics","timestamp":"08:03:46"}
{"level":"incoming","message":"wer ist peter neckel","timestamp":"08:04:00"}
{"level":"incoming","message":"was macht peter neckel","timestamp":"08:04:12"}
{"level":"incoming","message":"suche einen Ansprechpartner","timestamp":"08:53:12"}
{"level":"incoming","message":"Customer Analytics","timestamp":"08:53:17"}
{"level":"incoming","message":"suche einen Ansprechpartner","timestamp":"08:56:21"}
{"level":"incoming","message":"Customer Analytics","timestamp":"08:56:52"}
{"level":"incoming","message":"suche einen Ansprechpartner aus","timestamp":"08:58:22"}
{"level":"incoming","message":"Customer Analytics","timestamp":"08:58:32"}
{"level":"incoming","message":"suche einen Ansprechpartner","timestamp":"12:00:03"}
{"level":"incoming","message":"suche einen Ansprechpartner","timestamp":"12:02:42"}
{"level":"incoming","message":"suche einen Ansprechpartner","timestamp":"12:05:00"}
{"level":"incoming","message":"Customer Analytics","timestamp":"12:05:14"}
