{"level":"incoming","message":"Hallo","timestamp":"08:37:22"}
{"level":"incoming","message":"what","timestamp":"08:40:06"}
{"level":"incoming","message":"asdfasdfasdf","timestamp":"08:40:15"}
{"level":"incoming","message":"hallo","timestamp":"08:45:43"}
{"level":"incoming","message":"hallo","timestamp":"08:46:02"}
{"level":"incoming","message":"hallo","timestamp":"08:46:24"}
{"level":"incoming","message":"hallo","timestamp":"08:56:14"}
{"level":"incoming","message":"hallo","timestamp":"08:56:32"}
{"level":"incoming","message":"Hallo","timestamp":"09:48:53"}
{"level":"incoming","message":"wie gehts?","timestamp":"09:49:14"}
{"level":"incoming","message":"tipp","timestamp":"10:51:16"}
{"level":"incoming","message":"tip","timestamp":"10:52:16"}
{"level":"incoming","message":"Hallo","timestamp":"11:13:13"}
{"level":"incoming","message":"Hallo","timestamp":"11:14:38"}
{"level":"incoming","message":"asdfasdfasdffasdf","timestamp":"11:14:56"}
{"level":"incoming","message":"asdfasdfaserew3434343434","timestamp":"11:15:04"}
{"level":"incoming","message":"Hallo","timestamp":"11:36:09"}
{"level":"incoming","message":"Hilfe","timestamp":"12:25:31"}
{"level":"incoming","message":"wie gehts?","timestamp":"12:26:42"}
{"level":"incoming","message":"bist du ein Mensch?","timestamp":"12:30:00"}
{"level":"incoming","message":"wie heißt du?","timestamp":"12:30:13"}
{"level":"incoming","message":"bye","timestamp":"12:30:23"}
{"level":"incoming","message":"bye","timestamp":"12:30:37"}
{"level":"incoming","message":"bye","timestamp":"12:32:59"}
{"level":"incoming","message":"bye","timestamp":"12:33:46"}
{"level":"incoming","message":"machs gut","timestamp":"12:35:05"}
{"level":"incoming","message":"machs gut","timestamp":"12:35:05"}
{"level":"incoming","message":"bye","timestamp":"13:02:14"}
{"level":"incoming","message":"bye","timestamp":"13:02:20"}
