{"level":"outgoing","message":"Hallo, ich bin Mike der Mayato ChatBot! Wie kann ich Ihnen behilflich sein? Sie können sich gerne über unsere Beratungsleistungen informieren oder zum Beispiel Case Studies ansehen.","timestamp":"20:43:03"}
{"level":"incoming","message":"welche news gibt es bei mayato","timestamp":"20:43:13"}
{"level":"outgoing","message":"Ups. Etwas falsch und wir müssen wieder anfangen","timestamp":"20:43:36"}
{"level":"outgoing","message":"","timestamp":"20:43:36"}
{"level":"incoming","message":"welche news gibt es bei mayto","timestamp":"20:43:59"}
{"level":"outgoing","message":"Ups. Etwas falsch und wir müssen wieder anfangen","timestamp":"20:44:11"}
{"level":"outgoing","message":"","timestamp":"20:44:11"}
{"level":"outgoing","message":"Hallo, ich bin Mike der Mayato ChatBot! Wie kann ich Ihnen behilflich sein? Sie können sich gerne über unsere Beratungsleistungen informieren oder zum Beispiel Case Studies ansehen.","timestamp":"20:54:12"}
{"level":"incoming","message":"welche news gibt es über mayato","timestamp":"20:54:23"}
{"level":"outgoing","message":"Ups. Etwas falsch und wir müssen wieder anfangen","timestamp":"20:54:47"}
{"level":"outgoing","message":"","timestamp":"20:54:47"}
{"level":"outgoing","message":"Hallo, ich bin Mike der Mayato ChatBot! Wie kann ich Ihnen behilflich sein? Sie können sich gerne über unsere Beratungsleistungen informieren oder zum Beispiel Case Studies ansehen.","timestamp":"21:07:48"}
{"level":"incoming","message":"welche news gibt es","timestamp":"21:07:53"}
{"level":"outgoing","message":"Ups. Etwas falsch und wir müssen wieder anfangen","timestamp":"21:09:45"}
{"level":"outgoing","message":"","timestamp":"21:09:45"}
{"level":"outgoing","message":"Hallo, ich bin Mike der Mayato ChatBot! Wie kann ich Ihnen behilflich sein? Sie können sich gerne über unsere Beratungsleistungen informieren oder zum Beispiel Case Studies ansehen.","timestamp":"21:10:30"}
{"level":"incoming","message":"welche news gibt es","timestamp":"21:10:35"}
{"level":"outgoing","message":"Ups. Etwas falsch und wir müssen wieder anfangen","timestamp":"21:11:45"}
{"level":"outgoing","message":"","timestamp":"21:11:45"}
{"level":"incoming","message":"welche news gibt es","timestamp":"21:12:47"}
{"level":"outgoing","message":"Ups. Etwas falsch und wir müssen wieder anfangen","timestamp":"21:13:37"}
{"level":"outgoing","message":"","timestamp":"21:13:37"}
{"level":"incoming","message":"welche news gibt es","timestamp":"21:15:59"}
{"level":"outgoing","message":"Ups. Etwas falsch und wir müssen wieder anfangen","timestamp":"21:16:52"}
{"level":"outgoing","message":"","timestamp":"21:16:52"}
{"level":"incoming","message":"welche news gibt es","timestamp":"21:18:54"}
{"level":"outgoing","message":"Ups. Etwas falsch und wir müssen wieder anfangen","timestamp":"21:19:24"}
{"level":"outgoing","message":"","timestamp":"21:19:24"}
{"level":"outgoing","message":"Hallo, ich bin Mike der Mayato ChatBot! Wie kann ich Ihnen behilflich sein? Sie können sich gerne über unsere Beratungsleistungen informieren oder zum Beispiel Case Studies ansehen.","timestamp":"21:20:03"}
{"level":"incoming","message":"welche news gibt es","timestamp":"21:20:10"}
{"level":"outgoing","message":"Ups. Etwas falsch und wir müssen wieder anfangen","timestamp":"21:20:56"}
{"level":"outgoing","message":"","timestamp":"21:20:56"}
{"level":"outgoing","message":"Hallo, ich bin Mike der Mayato ChatBot! Wie kann ich Ihnen behilflich sein? Sie können sich gerne über unsere Beratungsleistungen informieren oder zum Beispiel Case Studies ansehen.","timestamp":"21:26:47"}
{"level":"incoming","message":"welche news gibt es","timestamp":"21:26:54"}
{"level":"outgoing","message":"Hier eine Auswahl von News und Veröffentlichungen bei mayato","timestamp":"21:27:10"}
{"level":"outgoing","message":"","timestamp":"21:27:10"}
